2017/12/05 14:07:13 にビルドを開始しました。
     1>ノード 2 上のプロジェクト "D:\momentum_MD\MD_for_mol_v04\MD_fo_mol\MD_fo_mol.vcxproj" (rebuild ターゲット)。
     1>InitializeBuildStatus:
         "AlwaysCreate" が指定されたため "Debug\MD_fo_mol.unsuccessfulbuild" を作成しています。
       ClCompile:
         C:\Program Files (x86)\Microsoft Visual Studio 10.0\VC\bin\CL.exe /c /ZI /nologo /W3 /WX- /Od /Oy- /D WIN32 /D _DEBUG /D _CONSOLE /D _UNICODE /D UNICODE /Gm /EHsc /RTC1 /MDd /GS /fp:precise /Zc:wchar_t /Zc:forScope /Yc"StdAfx.h" /Fp"Debug\MD_fo_mol.pch" /Fo"Debug\\" /Fd"Debug\vc100.pdb" /Gd /TP /analyze- /errorReport:prompt stdafx.cpp
         stdafx.cpp
         C:\Program Files (x86)\Microsoft Visual Studio 10.0\VC\bin\CL.exe /c /ZI /nologo /W3 /WX- /Od /Oy- /D WIN32 /D _DEBUG /D _CONSOLE /D _UNICODE /D UNICODE /Gm /EHsc /RTC1 /MDd /GS /fp:precise /Zc:wchar_t /Zc:forScope /Yu"StdAfx.h" /Fp"Debug\MD_fo_mol.pch" /Fo"Debug\\" /Fd"Debug\vc100.pdb" /Gd /TP /analyze- /errorReport:prompt MD_fo_mol.cpp
         MD_fo_mol.cpp
       ResourceCompile:
         C:\Program Files (x86)\Microsoft SDKs\Windows\v7.0A\bin\rc.exe /D _UNICODE /D UNICODE /l"0x0409" /nologo /fo"Debug\MD_fo_mol.res" MD_fo_mol.rc 
       ManifestResourceCompile:
         C:\Program Files (x86)\Microsoft SDKs\Windows\v7.0A\bin\rc.exe /nologo /fo"Debug\MD_fo_mol.exe.embed.manifest.res" Debug\MD_fo_mol_manifest.rc 
       Link:
         C:\Program Files (x86)\Microsoft Visual Studio 10.0\VC\bin\link.exe /ERRORREPORT:PROMPT /OUT:"D:\momentum_MD\MD_for_mol_v04\MD_fo_mol\Debug\MD_fo_mol.exe" /INCREMENTAL /NOLOGO kernel32.lib user32.lib gdi32.lib winspool.lib comdlg32.lib advapi32.lib shell32.lib ole32.lib oleaut32.lib uuid.lib odbc32.lib odbccp32.lib /MANIFEST /ManifestFile:"Debug\MD_fo_mol.exe.intermediate.manifest" /MANIFESTUAC:"level='asInvoker' uiAccess='false'" /DEBUG /PDB:"D:\momentum_MD\MD_for_mol_v04\MD_fo_mol\Debug\MD_fo_mol.pdb" /SUBSYSTEM:CONSOLE /TLBID:1 /DYNAMICBASE /NXCOMPAT /IMPLIB:"D:\momentum_MD\MD_for_mol_v04\MD_fo_mol\Debug\MD_fo_mol.lib" /MACHINE:X86 Debug\MD_fo_mol.res
         Debug\MD_fo_mol.exe.embed.manifest.res
         Debug\MD_fo_mol.obj
         Debug\stdafx.obj
       Manifest:
         ファイル "Debug\MD_fo_mol.exe.embed.manifest" を削除しています。
         C:\Program Files (x86)\Microsoft SDKs\Windows\v7.0A\bin\mt.exe /nologo /verbose /out:"Debug\MD_fo_mol.exe.embed.manifest" /manifest Debug\MD_fo_mol.exe.intermediate.manifest
         C:\Program Files (x86)\Microsoft SDKs\Windows\v7.0A\bin\rc.exe /nologo /fo"Debug\MD_fo_mol.exe.embed.manifest.res" Debug\MD_fo_mol_manifest.rc 
       LinkEmbedManifest:
         C:\Program Files (x86)\Microsoft Visual Studio 10.0\VC\bin\link.exe /ERRORREPORT:PROMPT /OUT:"D:\momentum_MD\MD_for_mol_v04\MD_fo_mol\Debug\MD_fo_mol.exe" /INCREMENTAL /NOLOGO kernel32.lib user32.lib gdi32.lib winspool.lib comdlg32.lib advapi32.lib shell32.lib ole32.lib oleaut32.lib uuid.lib odbc32.lib odbccp32.lib /MANIFEST /ManifestFile:"Debug\MD_fo_mol.exe.intermediate.manifest" /MANIFESTUAC:"level='asInvoker' uiAccess='false'" /DEBUG /PDB:"D:\momentum_MD\MD_for_mol_v04\MD_fo_mol\Debug\MD_fo_mol.pdb" /SUBSYSTEM:CONSOLE /TLBID:1 /DYNAMICBASE /NXCOMPAT /IMPLIB:"D:\momentum_MD\MD_for_mol_v04\MD_fo_mol\Debug\MD_fo_mol.lib" /MACHINE:X86 Debug\MD_fo_mol.res
         Debug\MD_fo_mol.exe.embed.manifest.res
         Debug\MD_fo_mol.obj
         Debug\stdafx.obj
         MD_fo_mol.vcxproj -> D:\momentum_MD\MD_for_mol_v04\MD_fo_mol\Debug\MD_fo_mol.exe
       FinalizeBuildStatus:
         ファイル "Debug\MD_fo_mol.unsuccessfulbuild" を削除しています。
         "Debug\MD_fo_mol.lastbuildstate" のタッチ タスクを実行しています。
     1>プロジェクト "D:\momentum_MD\MD_for_mol_v04\MD_fo_mol\MD_fo_mol.vcxproj" (rebuild ターゲット) のビルドが完了しました。

ビルドに成功しました。

経過時間 00:00:01.44
